<?xml version="1.0" encoding="UTF-8"?>
<!-- Generated by org.testng.reporters.JUnitXMLReporter -->
<testsuite hostname="AGRNT-WS-002" failures="0" tests="4" name="Test" time="0.016" errors="0" timestamp="24 Aug 2022 09:40:24 GMT">
  <testcase classname="MavenProject.MavenPro.appium" name="apium1" time="0.007"/>
  <testcase classname="MavenProject.MavenPro.appium" name="apium2" time="0.0"/>
  <testcase classname="MavenProject.MavenPro.selenium" name="sel1" time="0.0"/>
  <testcase classname="MavenProject.MavenPro.selenium" name="sel2" time="0.0"/>
</testsuite> <!-- Test -->
