<?xml version="1.0" encoding="UTF-8"?>
<testng-results total="4" passed="4" failed="0" skipped="0">
  <reporter-output>
  </reporter-output>
  <suite started-at="2022-08-17T06:39:58Z" name="Suite" finished-at="2022-08-17T06:39:58Z" duration-ms="9">
    <groups>
    </groups>
    <test started-at="2022-08-17T06:39:58Z" name="Test" finished-at="2022-08-17T06:39:58Z" duration-ms="9">
      <class name="MavenProject.MavenPro.appium">
        <test-method signature="apium1()[pri:0, instance:MavenProject.MavenPro.appium@4a83a74a]" started-at="2022-08-17T12:09:58Z" name="apium1" finished-at="2022-08-17T12:09:58Z" duration-ms="4" status="PASS">
          <reporter-output>
          </reporter-output>
        </test-method> <!-- apium1 -->
        <test-method signature="apium2()[pri:0, instance:MavenProject.MavenPro.appium@4a83a74a]" started-at="2022-08-17T12:09:58Z" name="apium2" finished-at="2022-08-17T12:09:58Z" duration-ms="0" status="PASS">
          <reporter-output>
          </reporter-output>
        </test-method> <!-- apium2 -->
      </class> <!-- MavenProject.MavenPro.appium -->
      <class name="MavenProject.MavenPro.selenium">
        <test-method signature="sel1()[pri:0, instance:MavenProject.MavenPro.selenium@28261e8e]" started-at="2022-08-17T12:09:58Z" name="sel1" finished-at="2022-08-17T12:09:58Z" duration-ms="0" status="PASS">
          <reporter-output>
          </reporter-output>
        </test-method> <!-- sel1 -->
        <test-method signature="sel2()[pri:0, instance:MavenProject.MavenPro.selenium@28261e8e]" started-at="2022-08-17T12:09:58Z" name="sel2" finished-at="2022-08-17T12:09:58Z" duration-ms="0" status="PASS">
          <reporter-output>
          </reporter-output>
        </test-method> <!-- sel2 -->
      </class> <!-- MavenProject.MavenPro.selenium -->
    </test> <!-- Test -->
  </suite> <!-- Suite -->
</testng-results>
